[debug] [2022-06-13T09:40:39.326Z] ----------------------------------------------------------------------
[debug] [2022-06-13T09:40:39.327Z] Command:       /usr/bin/node /usr/bin/firebase emulators:start --only functions
[debug] [2022-06-13T09:40:39.328Z] CLI Version:   10.8.0
[debug] [2022-06-13T09:40:39.328Z] Platform:      linux
[debug] [2022-06-13T09:40:39.328Z] Node Version:  v16.15.0
[debug] [2022-06-13T09:40:39.329Z] Time:          Mon Jun 13 2022 12:40:39 GMT+0300 (East Africa Time)
[debug] [2022-06-13T09:40:39.329Z] ----------------------------------------------------------------------
[debug] 
[debug] [2022-06-13T09:40:39.331Z] >>> [apiv2][query] GET https://firebase-public.firebaseio.com/cli.json [none]
[debug] [2022-06-13T09:40:39.390Z] > command requires scopes: ["email","openid","https://www.googleapis.com/auth/cloudplatformprojects.readonly","https://www.googleapis.com/auth/firebase","https://www.googleapis.com/auth/cloud-platform"]
[debug] [2022-06-13T09:40:39.390Z] > authorizing via signed-in user (nabcellent.dev@gmail.com)
[info] i  emulators: Starting emulators: functions {"metadata":{"emulator":{"name":"hub"},"message":"Starting emulators: functions"}}
[debug] [2022-06-13T09:40:39.401Z] [hub] writing locator at /tmp/hub-ntsa-drivers-e8a6a.json
[warn] ⚠  functions: The following emulators are not running, calls to these services from the Functions emulator will affect production: auth, firestore, database, hosting, pubsub, storage {"metadata":{"emulator":{"name":"functions"},"message":"The following emulators are not running, calls to these services from the Functions emulator will affect production: \u001b[1mauth, firestore, database, hosting, pubsub, storage\u001b[22m"}}
[info] ✔  functions: Using node@16 from host. {"metadata":{"emulator":{"name":"functions"},"message":"Using node@16 from host."}}
[debug] [2022-06-13T09:40:39.427Z] defaultcredentials: writing to file /home/nabcellent/.config/firebase/nabcellent_dev_gmail.com_application_default_credentials.json
[debug] [2022-06-13T09:40:39.429Z] Setting GAC to /home/nabcellent/.config/firebase/nabcellent_dev_gmail.com_application_default_credentials.json {"metadata":{"emulator":{"name":"functions"},"message":"Setting GAC to /home/nabcellent/.config/firebase/nabcellent_dev_gmail.com_application_default_credentials.json"}}
[debug] [2022-06-13T09:40:39.430Z] > refreshing access token with scopes: []
[debug] [2022-06-13T09:40:39.431Z] >>> HTTP REQUEST POST https://www.googleapis.com/oauth2/v3/token  
 <request body omitted>
[debug] [2022-06-13T09:40:39.803Z] <<< HTTP RESPONSE 200 {"pragma":"no-cache","date":"Mon, 13 Jun 2022 09:40:39 GMT","expires":"Mon, 01 Jan 1990 00:00:00 GMT","cache-control":"no-cache, no-store, max-age=0, must-revalidate","content-type":"application/json; charset=utf-8","vary":"X-Origin, Referer, Origin,Accept-Encoding","server":"scaffolding on HTTPServer2","x-xss-protection":"0","x-frame-options":"SAMEORIGIN","x-content-type-options":"nosniff","alt-svc":"h3=\":443\"; ma=2592000,h3-29=\":443\"; ma=2592000,h3-Q050=\":443\"; ma=2592000,h3-Q046=\":443\"; ma=2592000,h3-Q043=\":443\"; ma=2592000,quic=\":443\"; ma=2592000; v=\"46,43\"","accept-ranges":"none","transfer-encoding":"chunked"}
[debug] [2022-06-13T09:40:39.815Z] >>> [apiv2][query] GET https://firebase.googleapis.com/v1beta1/projects/ntsa-drivers-e8a6a/adminSdkConfig [none]
[debug] [2022-06-13T09:40:40.578Z] <<< [apiv2][status] GET https://firebase.googleapis.com/v1beta1/projects/ntsa-drivers-e8a6a/adminSdkConfig 200
[debug] [2022-06-13T09:40:40.578Z] <<< [apiv2][body] GET https://firebase.googleapis.com/v1beta1/projects/ntsa-drivers-e8a6a/adminSdkConfig {"projectId":"ntsa-drivers-e8a6a","storageBucket":"ntsa-drivers-e8a6a.appspot.com","locationId":"us-central"}
[debug] [2022-06-13T09:40:40.593Z] Ignoring unsupported arg: auto_download {"metadata":{"emulator":{"name":"ui"},"message":"Ignoring unsupported arg: auto_download"}}
[debug] [2022-06-13T09:40:40.593Z] Ignoring unsupported arg: port {"metadata":{"emulator":{"name":"ui"},"message":"Ignoring unsupported arg: port"}}
[debug] [2022-06-13T09:40:40.593Z] Starting Emulator UI with command {"binary":"node","args":["/home/nabcellent/.cache/firebase/emulators/ui-v1.6.6/server.bundle.js"],"optionalArgs":[],"joinArgs":false} {"metadata":{"emulator":{"name":"ui"},"message":"Starting Emulator UI with command {\"binary\":\"node\",\"args\":[\"/home/nabcellent/.cache/firebase/emulators/ui-v1.6.6/server.bundle.js\"],\"optionalArgs\":[],\"joinArgs\":false}"}}
[info] i  ui: Emulator UI logging to ui-debug.log {"metadata":{"emulator":{"name":"ui"},"message":"Emulator UI logging to \u001b[1mui-debug.log\u001b[22m"}}
[debug] [2022-06-13T09:40:40.623Z] <<< [apiv2][status] GET https://firebase-public.firebaseio.com/cli.json 200
[debug] [2022-06-13T09:40:40.623Z] <<< [apiv2][body] GET https://firebase-public.firebaseio.com/cli.json {"cloudBuildErrorAfter":1594252800000,"cloudBuildWarnAfter":1590019200000,"defaultNode10After":1594252800000,"minVersion":"3.0.5","node8DeploysDisabledAfter":1613390400000,"node8RuntimeDisabledAfter":1615809600000,"node8WarnAfter":1600128000000}
[debug] [2022-06-13T09:40:40.673Z] Web / API server started at localhost:4000
 {"metadata":{"emulator":{"name":"ui"},"message":"Web / API server started at localhost:4000\n"}}
[info] i  functions: Watching "/home/nabcellent/Desktop/JS/Projects/ntsa-drivers/ntsa-drivers/functions" for Cloud Functions... {"metadata":{"emulator":{"name":"functions"},"message":"Watching \"/home/nabcellent/Desktop/JS/Projects/ntsa-drivers/ntsa-drivers/functions\" for Cloud Functions..."}}
[debug] [2022-06-13T09:40:40.868Z] Validating nodejs source
[warn] ⚠  functions: package.json indicates an outdated version of firebase-functions. Please upgrade using npm install --save firebase-functions@latest in your functions directory. 
[debug] [2022-06-13T09:40:43.052Z] > [functions] package.json contents: {
  "name": "functions",
  "description": "Cloud Functions for Firebase",
  "scripts": {
    "serve": "firebase emulators:start --only functions",
    "shell": "firebase functions:shell",
    "start": "npm run shell",
    "deploy": "firebase deploy --only functions",
    "logs": "firebase functions:log"
  },
  "engines": {
    "node": "16"
  },
  "main": "index.js",
  "dependencies": {
    "cors": "^2.8.5",
    "express": "^4.18.1",
    "express-async-errors": "^3.1.1",
    "firebase-admin": "^10.0.2",
    "firebase-functions": "^3.18.0",
    "joi": "^17.6.0",
    "mpesa-api": "^3.0.2"
  },
  "devDependencies": {
    "firebase-functions-test": "^0.2.0"
  },
  "private": true
}
[debug] [2022-06-13T09:40:43.052Z] Building nodejs source
[debug] [2022-06-13T09:40:43.053Z] Analyzing nodejs backend spec
[info] ✔  functions[us-central1-api]: http function initialized (http://localhost:5001/ntsa-drivers-e8a6a/us-central1/api). {"metadata":{"emulator":{"name":"functions"},"message":"\u001b[1mhttp\u001b[22m function initialized (http://localhost:5001/ntsa-drivers-e8a6a/us-central1/api)."}}
[info] 
┌─────────────────────────────────────────────────────────────┐
│ ✔  All emulators ready! It is now safe to connect your app. │
│ i  View Emulator UI at http://localhost:4000                │
└─────────────────────────────────────────────────────────────┘

┌───────────┬────────────────┬─────────────────────────────────┐
│ Emulator  │ Host:Port      │ View in Emulator UI             │
├───────────┼────────────────┼─────────────────────────────────┤
│ Functions │ localhost:5001 │ http://localhost:4000/functions │
└───────────┴────────────────┴─────────────────────────────────┘
  Emulator Hub running at localhost:4400
  Other reserved ports: 4500

Issues? Report them at https://github.com/firebase/firebase-tools/issues and attach the *-debug.log files.
 
[debug] [2022-06-13T09:40:49.907Z] [work-queue] {"queueLength":1,"workRunningCount":0}
[debug] [2022-06-13T09:40:49.907Z] [work-queue] {"queueLength":0,"workRunningCount":1}
[debug] [2022-06-13T09:40:49.908Z] Accepted request OPTIONS /ntsa-drivers-e8a6a/us-central1/api/mpesa/initiate-stk --> us-central1-api
[debug] [2022-06-13T09:40:49.914Z] [worker-pool] addWorker(us-central1-api) {"metadata":{"emulator":{"name":"functions"},"message":"[worker-pool] addWorker(us-central1-api)"}}
[debug] [2022-06-13T09:40:49.914Z] [worker-pool] Adding worker with key us-central1-api, total=1 {"metadata":{"emulator":{"name":"functions"},"message":"[worker-pool] Adding worker with key us-central1-api, total=1"}}
[debug] [2022-06-13T09:40:49.914Z] [worker-pool] submitWork(triggerId=us-central1-api) {"metadata":{"emulator":{"name":"functions"},"message":"[worker-pool] submitWork(triggerId=us-central1-api)"}}
[debug] [2022-06-13T09:40:49.915Z] [worker-us-central1-api-193f26b0-7916-4a8f-91bb-6fdf6368c537]: Assigning socketPath: /tmp/fire_emu_9654.sock {"metadata":{"emulator":{"name":"functions"},"message":"[worker-us-central1-api-193f26b0-7916-4a8f-91bb-6fdf6368c537]: Assigning socketPath: /tmp/fire_emu_9654.sock"}}
[debug] [2022-06-13T09:40:49.915Z] [worker-us-central1-api-193f26b0-7916-4a8f-91bb-6fdf6368c537]: BUSY {"metadata":{"emulator":{"name":"functions"},"message":"[worker-us-central1-api-193f26b0-7916-4a8f-91bb-6fdf6368c537]: BUSY"}}
[debug] [2022-06-13T09:40:50.549Z] [runtime-status] [9654] Functions runtime initialized. {"cwd":"/home/nabcellent/Desktop/JS/Projects/ntsa-drivers/ntsa-drivers/functions","node_version":"16.15.0"} {"metadata":{"emulator":{"name":"functions"},"function":{"name":"us-central1-api"},"extension":{},"message":"[runtime-status] [9654] Functions runtime initialized. {\"cwd\":\"/home/nabcellent/Desktop/JS/Projects/ntsa-drivers/ntsa-drivers/functions\",\"node_version\":\"16.15.0\"}"}}
[debug] [2022-06-13T09:40:50.551Z] [runtime-status] [9654] Disabled runtime features: undefined {"metadata":{"emulator":{"name":"functions"},"function":{"name":"us-central1-api"},"extension":{},"message":"[runtime-status] [9654] Disabled runtime features: undefined"}}
[debug] [2022-06-13T09:40:50.553Z] [runtime-status] [9654] Resolved module firebase-admin {"declared":true,"installed":true,"version":"10.2.0","resolution":"/home/nabcellent/Desktop/JS/Projects/ntsa-drivers/ntsa-drivers/functions/node_modules/firebase-admin/lib/index.js"} {"metadata":{"emulator":{"name":"functions"},"function":{"name":"us-central1-api"},"extension":{},"message":"[runtime-status] [9654] Resolved module firebase-admin {\"declared\":true,\"installed\":true,\"version\":\"10.2.0\",\"resolution\":\"/home/nabcellent/Desktop/JS/Projects/ntsa-drivers/ntsa-drivers/functions/node_modules/firebase-admin/lib/index.js\"}"}}
[debug] [2022-06-13T09:40:50.554Z] [runtime-status] [9654] Resolved module firebase-functions {"declared":true,"installed":true,"version":"3.21.0","resolution":"/home/nabcellent/Desktop/JS/Projects/ntsa-drivers/ntsa-drivers/functions/node_modules/firebase-functions/lib/index.js"} {"metadata":{"emulator":{"name":"functions"},"function":{"name":"us-central1-api"},"extension":{},"message":"[runtime-status] [9654] Resolved module firebase-functions {\"declared\":true,\"installed\":true,\"version\":\"3.21.0\",\"resolution\":\"/home/nabcellent/Desktop/JS/Projects/ntsa-drivers/ntsa-drivers/functions/node_modules/firebase-functions/lib/index.js\"}"}}
[debug] [2022-06-13T09:40:50.556Z] [runtime-status] [9654] Outgoing network have been stubbed. [{"name":"http","status":"mocked"},{"name":"http","status":"mocked"},{"name":"https","status":"mocked"},{"name":"https","status":"mocked"},{"name":"net","status":"mocked"}] {"metadata":{"emulator":{"name":"functions"},"function":{"name":"us-central1-api"},"extension":{},"message":"[runtime-status] [9654] Outgoing network have been stubbed. [{\"name\":\"http\",\"status\":\"mocked\"},{\"name\":\"http\",\"status\":\"mocked\"},{\"name\":\"https\",\"status\":\"mocked\"},{\"name\":\"https\",\"status\":\"mocked\"},{\"name\":\"net\",\"status\":\"mocked\"}]"}}
[debug] [2022-06-13T09:40:50.556Z] [runtime-status] [9654] Resolved module firebase-functions {"declared":true,"installed":true,"version":"3.21.0","resolution":"/home/nabcellent/Desktop/JS/Projects/ntsa-drivers/ntsa-drivers/functions/node_modules/firebase-functions/lib/index.js"} {"metadata":{"emulator":{"name":"functions"},"function":{"name":"us-central1-api"},"extension":{},"message":"[runtime-status] [9654] Resolved module firebase-functions {\"declared\":true,\"installed\":true,\"version\":\"3.21.0\",\"resolution\":\"/home/nabcellent/Desktop/JS/Projects/ntsa-drivers/ntsa-drivers/functions/node_modules/firebase-functions/lib/index.js\"}"}}
[debug] [2022-06-13T09:40:50.591Z] [runtime-status] [9654] Checked functions.config() {"config":{}} {"metadata":{"emulator":{"name":"functions"},"function":{"name":"us-central1-api"},"extension":{},"message":"[runtime-status] [9654] Checked functions.config() {\"config\":{}}"}}
[debug] [2022-06-13T09:40:50.591Z] [runtime-status] [9654] firebase-functions has been stubbed. {"functionsResolution":{"declared":true,"installed":true,"version":"3.21.0","resolution":"/home/nabcellent/Desktop/JS/Projects/ntsa-drivers/ntsa-drivers/functions/node_modules/firebase-functions/lib/index.js"}} {"metadata":{"emulator":{"name":"functions"},"function":{"name":"us-central1-api"},"extension":{},"message":"[runtime-status] [9654] firebase-functions has been stubbed. {\"functionsResolution\":{\"declared\":true,\"installed\":true,\"version\":\"3.21.0\",\"resolution\":\"/home/nabcellent/Desktop/JS/Projects/ntsa-drivers/ntsa-drivers/functions/node_modules/firebase-functions/lib/index.js\"}}"}}
[debug] [2022-06-13T09:40:50.592Z] [runtime-status] [9654] Resolved module firebase-functions {"declared":true,"installed":true,"version":"3.21.0","resolution":"/home/nabcellent/Desktop/JS/Projects/ntsa-drivers/ntsa-drivers/functions/node_modules/firebase-functions/lib/index.js"} {"metadata":{"emulator":{"name":"functions"},"function":{"name":"us-central1-api"},"extension":{},"message":"[runtime-status] [9654] Resolved module firebase-functions {\"declared\":true,\"installed\":true,\"version\":\"3.21.0\",\"resolution\":\"/home/nabcellent/Desktop/JS/Projects/ntsa-drivers/ntsa-drivers/functions/node_modules/firebase-functions/lib/index.js\"}"}}
[debug] [2022-06-13T09:40:50.593Z] [runtime-status] [9654] Resolved module firebase-admin {"declared":true,"installed":true,"version":"10.2.0","resolution":"/home/nabcellent/Desktop/JS/Projects/ntsa-drivers/ntsa-drivers/functions/node_modules/firebase-admin/lib/index.js"} {"metadata":{"emulator":{"name":"functions"},"function":{"name":"us-central1-api"},"extension":{},"message":"[runtime-status] [9654] Resolved module firebase-admin {\"declared\":true,\"installed\":true,\"version\":\"10.2.0\",\"resolution\":\"/home/nabcellent/Desktop/JS/Projects/ntsa-drivers/ntsa-drivers/functions/node_modules/firebase-admin/lib/index.js\"}"}}
[debug] [2022-06-13T09:40:50.593Z] [runtime-status] [9654] Resolved module firebase-functions {"declared":true,"installed":true,"version":"3.21.0","resolution":"/home/nabcellent/Desktop/JS/Projects/ntsa-drivers/ntsa-drivers/functions/node_modules/firebase-functions/lib/index.js"} {"metadata":{"emulator":{"name":"functions"},"function":{"name":"us-central1-api"},"extension":{},"message":"[runtime-status] [9654] Resolved module firebase-functions {\"declared\":true,\"installed\":true,\"version\":\"3.21.0\",\"resolution\":\"/home/nabcellent/Desktop/JS/Projects/ntsa-drivers/ntsa-drivers/functions/node_modules/firebase-functions/lib/index.js\"}"}}
[debug] [2022-06-13T09:40:50.594Z] [runtime-status] [9654] firebase-admin has been stubbed. {"adminResolution":{"declared":true,"installed":true,"version":"10.2.0","resolution":"/home/nabcellent/Desktop/JS/Projects/ntsa-drivers/ntsa-drivers/functions/node_modules/firebase-admin/lib/index.js"}} {"metadata":{"emulator":{"name":"functions"},"function":{"name":"us-central1-api"},"extension":{},"message":"[runtime-status] [9654] firebase-admin has been stubbed. {\"adminResolution\":{\"declared\":true,\"installed\":true,\"version\":\"10.2.0\",\"resolution\":\"/home/nabcellent/Desktop/JS/Projects/ntsa-drivers/ntsa-drivers/functions/node_modules/firebase-admin/lib/index.js\"}}"}}
[debug] [2022-06-13T09:40:50.768Z] [runtime-status] [9654] Beginning invocation function api! {"metadata":{"emulator":{"name":"functions"},"function":{"name":"us-central1-api"},"extension":{},"message":"[runtime-status] [9654] Beginning invocation function api!"}}
[info] i  functions: Beginning execution of "api" {"metadata":{"emulator":{"name":"functions"},"function":{"name":"us-central1-api"},"extension":{},"message":"Beginning execution of \"api\""}}
[debug] [2022-06-13T09:40:50.769Z] [runtime-status] [9654] Running api in signature http {"metadata":{"emulator":{"name":"functions"},"function":{"name":"us-central1-api"},"extension":{},"message":"[runtime-status] [9654] Running api in signature http"}}
[debug] [2022-06-13T09:40:50.771Z] [runtime-status] [9654] Attempting to listen to socketPath: /tmp/fire_emu_9654.sock {"metadata":{"emulator":{"name":"functions"},"function":{"name":"us-central1-api"},"extension":{},"message":"[runtime-status] [9654] Attempting to listen to socketPath: /tmp/fire_emu_9654.sock"}}
[debug] [2022-06-13T09:40:50.776Z] [functions] Runtime ready! Sending request! {"metadata":{"emulator":{"name":"functions"},"message":"[functions] Runtime ready! Sending request!"}}
[debug] [2022-06-13T09:40:50.777Z] [functions] Got req.url=/ntsa-drivers-e8a6a/us-central1/api/mpesa/initiate-stk, mapping to path=/mpesa/initiate-stk {"metadata":{"emulator":{"name":"functions"},"message":"[functions] Got req.url=/ntsa-drivers-e8a6a/us-central1/api/mpesa/initiate-stk, mapping to path=/mpesa/initiate-stk"}}
[debug] [2022-06-13T09:40:50.784Z] [runtime-status] [9654] Ephemeral server handling OPTIONS request {"metadata":{"emulator":{"name":"functions"},"function":{"name":"us-central1-api"},"extension":{},"message":"[runtime-status] [9654] Ephemeral server handling OPTIONS request"}}
[debug] [2022-06-13T09:40:50.792Z] [runtime-status] [9654] Ephemeral server survived. {"metadata":{"emulator":{"name":"functions"},"function":{"name":"us-central1-api"},"extension":{},"message":"[runtime-status] [9654] Ephemeral server survived."}}
[debug] [2022-06-13T09:40:50.794Z] [work-queue] {"queueLength":1,"workRunningCount":1}
[debug] [2022-06-13T09:40:50.795Z] [work-queue] {"queueLength":0,"workRunningCount":2}
[debug] [2022-06-13T09:40:50.795Z] Accepted request POST /ntsa-drivers-e8a6a/us-central1/api/mpesa/initiate-stk --> us-central1-api
[debug] [2022-06-13T09:40:50.804Z] [worker-pool] addWorker(us-central1-api) {"metadata":{"emulator":{"name":"functions"},"message":"[worker-pool] addWorker(us-central1-api)"}}
[debug] [2022-06-13T09:40:50.804Z] [worker-pool] Adding worker with key us-central1-api, total=2 {"metadata":{"emulator":{"name":"functions"},"message":"[worker-pool] Adding worker with key us-central1-api, total=2"}}
[debug] [2022-06-13T09:40:50.805Z] [worker-pool] submitWork(triggerId=us-central1-api) {"metadata":{"emulator":{"name":"functions"},"message":"[worker-pool] submitWork(triggerId=us-central1-api)"}}
[debug] [2022-06-13T09:40:50.805Z] [worker-us-central1-api-3f525d55-8a88-4b70-b886-5339d9896ad2]: Assigning socketPath: /tmp/fire_emu_9661.sock {"metadata":{"emulator":{"name":"functions"},"message":"[worker-us-central1-api-3f525d55-8a88-4b70-b886-5339d9896ad2]: Assigning socketPath: /tmp/fire_emu_9661.sock"}}
[debug] [2022-06-13T09:40:50.805Z] [worker-us-central1-api-3f525d55-8a88-4b70-b886-5339d9896ad2]: BUSY {"metadata":{"emulator":{"name":"functions"},"message":"[worker-us-central1-api-3f525d55-8a88-4b70-b886-5339d9896ad2]: BUSY"}}
[info] i  functions: Finished "api" in ~1s {"metadata":{"emulator":{"name":"functions"},"function":{"name":"us-central1-api"},"extension":{},"message":"Finished \"api\" in ~1s"}}
[debug] [2022-06-13T09:40:50.806Z] [worker-us-central1-api-193f26b0-7916-4a8f-91bb-6fdf6368c537]: IDLE {"metadata":{"emulator":{"name":"functions"},"message":"[worker-us-central1-api-193f26b0-7916-4a8f-91bb-6fdf6368c537]: IDLE"}}
[debug] [2022-06-13T09:40:50.806Z] [work-queue] {"queueLength":0,"workRunningCount":1}
[debug] [2022-06-13T09:40:51.439Z] [runtime-status] [9661] Functions runtime initialized. {"cwd":"/home/nabcellent/Desktop/JS/Projects/ntsa-drivers/ntsa-drivers/functions","node_version":"16.15.0"} {"metadata":{"emulator":{"name":"functions"},"function":{"name":"us-central1-api"},"extension":{},"message":"[runtime-status] [9661] Functions runtime initialized. {\"cwd\":\"/home/nabcellent/Desktop/JS/Projects/ntsa-drivers/ntsa-drivers/functions\",\"node_version\":\"16.15.0\"}"}}
[debug] [2022-06-13T09:40:51.443Z] [runtime-status] [9661] Disabled runtime features: undefined {"metadata":{"emulator":{"name":"functions"},"function":{"name":"us-central1-api"},"extension":{},"message":"[runtime-status] [9661] Disabled runtime features: undefined"}}
[debug] [2022-06-13T09:40:51.445Z] [runtime-status] [9661] Resolved module firebase-admin {"declared":true,"installed":true,"version":"10.2.0","resolution":"/home/nabcellent/Desktop/JS/Projects/ntsa-drivers/ntsa-drivers/functions/node_modules/firebase-admin/lib/index.js"} {"metadata":{"emulator":{"name":"functions"},"function":{"name":"us-central1-api"},"extension":{},"message":"[runtime-status] [9661] Resolved module firebase-admin {\"declared\":true,\"installed\":true,\"version\":\"10.2.0\",\"resolution\":\"/home/nabcellent/Desktop/JS/Projects/ntsa-drivers/ntsa-drivers/functions/node_modules/firebase-admin/lib/index.js\"}"}}
[debug] [2022-06-13T09:40:51.446Z] [runtime-status] [9661] Resolved module firebase-functions {"declared":true,"installed":true,"version":"3.21.0","resolution":"/home/nabcellent/Desktop/JS/Projects/ntsa-drivers/ntsa-drivers/functions/node_modules/firebase-functions/lib/index.js"} {"metadata":{"emulator":{"name":"functions"},"function":{"name":"us-central1-api"},"extension":{},"message":"[runtime-status] [9661] Resolved module firebase-functions {\"declared\":true,\"installed\":true,\"version\":\"3.21.0\",\"resolution\":\"/home/nabcellent/Desktop/JS/Projects/ntsa-drivers/ntsa-drivers/functions/node_modules/firebase-functions/lib/index.js\"}"}}
[debug] [2022-06-13T09:40:51.446Z] [runtime-status] [9661] Outgoing network have been stubbed. [{"name":"http","status":"mocked"},{"name":"http","status":"mocked"},{"name":"https","status":"mocked"},{"name":"https","status":"mocked"},{"name":"net","status":"mocked"}] {"metadata":{"emulator":{"name":"functions"},"function":{"name":"us-central1-api"},"extension":{},"message":"[runtime-status] [9661] Outgoing network have been stubbed. [{\"name\":\"http\",\"status\":\"mocked\"},{\"name\":\"http\",\"status\":\"mocked\"},{\"name\":\"https\",\"status\":\"mocked\"},{\"name\":\"https\",\"status\":\"mocked\"},{\"name\":\"net\",\"status\":\"mocked\"}]"}}
[debug] [2022-06-13T09:40:51.447Z] [runtime-status] [9661] Resolved module firebase-functions {"declared":true,"installed":true,"version":"3.21.0","resolution":"/home/nabcellent/Desktop/JS/Projects/ntsa-drivers/ntsa-drivers/functions/node_modules/firebase-functions/lib/index.js"} {"metadata":{"emulator":{"name":"functions"},"function":{"name":"us-central1-api"},"extension":{},"message":"[runtime-status] [9661] Resolved module firebase-functions {\"declared\":true,\"installed\":true,\"version\":\"3.21.0\",\"resolution\":\"/home/nabcellent/Desktop/JS/Projects/ntsa-drivers/ntsa-drivers/functions/node_modules/firebase-functions/lib/index.js\"}"}}
[debug] [2022-06-13T09:40:51.470Z] [runtime-status] [9661] Checked functions.config() {"config":{}} {"metadata":{"emulator":{"name":"functions"},"function":{"name":"us-central1-api"},"extension":{},"message":"[runtime-status] [9661] Checked functions.config() {\"config\":{}}"}}
[debug] [2022-06-13T09:40:51.470Z] [runtime-status] [9661] firebase-functions has been stubbed. {"functionsResolution":{"declared":true,"installed":true,"version":"3.21.0","resolution":"/home/nabcellent/Desktop/JS/Projects/ntsa-drivers/ntsa-drivers/functions/node_modules/firebase-functions/lib/index.js"}} {"metadata":{"emulator":{"name":"functions"},"function":{"name":"us-central1-api"},"extension":{},"message":"[runtime-status] [9661] firebase-functions has been stubbed. {\"functionsResolution\":{\"declared\":true,\"installed\":true,\"version\":\"3.21.0\",\"resolution\":\"/home/nabcellent/Desktop/JS/Projects/ntsa-drivers/ntsa-drivers/functions/node_modules/firebase-functions/lib/index.js\"}}"}}
[debug] [2022-06-13T09:40:51.471Z] [runtime-status] [9661] Resolved module firebase-functions {"declared":true,"installed":true,"version":"3.21.0","resolution":"/home/nabcellent/Desktop/JS/Projects/ntsa-drivers/ntsa-drivers/functions/node_modules/firebase-functions/lib/index.js"} {"metadata":{"emulator":{"name":"functions"},"function":{"name":"us-central1-api"},"extension":{},"message":"[runtime-status] [9661] Resolved module firebase-functions {\"declared\":true,\"installed\":true,\"version\":\"3.21.0\",\"resolution\":\"/home/nabcellent/Desktop/JS/Projects/ntsa-drivers/ntsa-drivers/functions/node_modules/firebase-functions/lib/index.js\"}"}}
[debug] [2022-06-13T09:40:51.472Z] [runtime-status] [9661] Resolved module firebase-admin {"declared":true,"installed":true,"version":"10.2.0","resolution":"/home/nabcellent/Desktop/JS/Projects/ntsa-drivers/ntsa-drivers/functions/node_modules/firebase-admin/lib/index.js"} {"metadata":{"emulator":{"name":"functions"},"function":{"name":"us-central1-api"},"extension":{},"message":"[runtime-status] [9661] Resolved module firebase-admin {\"declared\":true,\"installed\":true,\"version\":\"10.2.0\",\"resolution\":\"/home/nabcellent/Desktop/JS/Projects/ntsa-drivers/ntsa-drivers/functions/node_modules/firebase-admin/lib/index.js\"}"}}
[debug] [2022-06-13T09:40:51.472Z] [runtime-status] [9661] Resolved module firebase-functions {"declared":true,"installed":true,"version":"3.21.0","resolution":"/home/nabcellent/Desktop/JS/Projects/ntsa-drivers/ntsa-drivers/functions/node_modules/firebase-functions/lib/index.js"} {"metadata":{"emulator":{"name":"functions"},"function":{"name":"us-central1-api"},"extension":{},"message":"[runtime-status] [9661] Resolved module firebase-functions {\"declared\":true,\"installed\":true,\"version\":\"3.21.0\",\"resolution\":\"/home/nabcellent/Desktop/JS/Projects/ntsa-drivers/ntsa-drivers/functions/node_modules/firebase-functions/lib/index.js\"}"}}
[debug] [2022-06-13T09:40:51.473Z] [runtime-status] [9661] firebase-admin has been stubbed. {"adminResolution":{"declared":true,"installed":true,"version":"10.2.0","resolution":"/home/nabcellent/Desktop/JS/Projects/ntsa-drivers/ntsa-drivers/functions/node_modules/firebase-admin/lib/index.js"}} {"metadata":{"emulator":{"name":"functions"},"function":{"name":"us-central1-api"},"extension":{},"message":"[runtime-status] [9661] firebase-admin has been stubbed. {\"adminResolution\":{\"declared\":true,\"installed\":true,\"version\":\"10.2.0\",\"resolution\":\"/home/nabcellent/Desktop/JS/Projects/ntsa-drivers/ntsa-drivers/functions/node_modules/firebase-admin/lib/index.js\"}}"}}
[debug] [2022-06-13T09:40:51.641Z] [runtime-status] [9661] Beginning invocation function api! {"metadata":{"emulator":{"name":"functions"},"function":{"name":"us-central1-api"},"extension":{},"message":"[runtime-status] [9661] Beginning invocation function api!"}}
[info] i  functions: Beginning execution of "api" {"metadata":{"emulator":{"name":"functions"},"function":{"name":"us-central1-api"},"extension":{},"message":"Beginning execution of \"api\""}}
[debug] [2022-06-13T09:40:51.642Z] [runtime-status] [9661] Running api in signature http {"metadata":{"emulator":{"name":"functions"},"function":{"name":"us-central1-api"},"extension":{},"message":"[runtime-status] [9661] Running api in signature http"}}
[debug] [2022-06-13T09:40:51.647Z] [runtime-status] [9661] Attempting to listen to socketPath: /tmp/fire_emu_9661.sock {"metadata":{"emulator":{"name":"functions"},"function":{"name":"us-central1-api"},"extension":{},"message":"[runtime-status] [9661] Attempting to listen to socketPath: /tmp/fire_emu_9661.sock"}}
[debug] [2022-06-13T09:40:51.652Z] [functions] Runtime ready! Sending request! {"metadata":{"emulator":{"name":"functions"},"message":"[functions] Runtime ready! Sending request!"}}
[debug] [2022-06-13T09:40:51.652Z] [functions] Got req.url=/ntsa-drivers-e8a6a/us-central1/api/mpesa/initiate-stk, mapping to path=/mpesa/initiate-stk {"metadata":{"emulator":{"name":"functions"},"message":"[functions] Got req.url=/ntsa-drivers-e8a6a/us-central1/api/mpesa/initiate-stk, mapping to path=/mpesa/initiate-stk"}}
[debug] [2022-06-13T09:40:51.672Z] [runtime-status] [9661] Ephemeral server handling POST request {"metadata":{"emulator":{"name":"functions"},"function":{"name":"us-central1-api"},"extension":{},"message":"[runtime-status] [9661] Ephemeral server handling POST request"}}
[debug] [2022-06-13T09:40:51.686Z] [runtime-status] [9661] Ephemeral server survived. {"metadata":{"emulator":{"name":"functions"},"function":{"name":"us-central1-api"},"extension":{},"message":"[runtime-status] [9661] Ephemeral server survived."}}
[info] >  Callback 1: { {"user":"Callback 1: {","metadata":{"emulator":{"name":"functions"},"function":{"name":"us-central1-api"},"extension":{},"message":"\u001b[90m> \u001b[39m Callback 1: {"}}
[info] >    MerchantRequestID: '65091-58619576-1', {"user":"  MerchantRequestID: '65091-58619576-1',","metadata":{"emulator":{"name":"functions"},"function":{"name":"us-central1-api"},"extension":{},"message":"\u001b[90m> \u001b[39m   MerchantRequestID: '65091-58619576-1',"}}
[info] >    CheckoutRequestID: 'ws_CO_13062022124057141110039317', {"user":"  CheckoutRequestID: 'ws_CO_13062022124057141110039317',","metadata":{"emulator":{"name":"functions"},"function":{"name":"us-central1-api"},"extension":{},"message":"\u001b[90m> \u001b[39m   CheckoutRequestID: 'ws_CO_13062022124057141110039317',"}}
[info] >    ResponseCode: '0', {"user":"  ResponseCode: '0',","metadata":{"emulator":{"name":"functions"},"function":{"name":"us-central1-api"},"extension":{},"message":"\u001b[90m> \u001b[39m   ResponseCode: '0',"}}
[info] >    ResponseDescription: 'Success. Request accepted for processing', {"user":"  ResponseDescription: 'Success. Request accepted for processing',","metadata":{"emulator":{"name":"functions"},"function":{"name":"us-central1-api"},"extension":{},"message":"\u001b[90m> \u001b[39m   ResponseDescription: 'Success. Request accepted for processing',"}}
[info] >    CustomerMessage: 'Success. Request accepted for processing' {"user":"  CustomerMessage: 'Success. Request accepted for processing'","metadata":{"emulator":{"name":"functions"},"function":{"name":"us-central1-api"},"extension":{},"message":"\u001b[90m> \u001b[39m   CustomerMessage: 'Success. Request accepted for processing'"}}
[info] >  } {"user":"}","metadata":{"emulator":{"name":"functions"},"function":{"name":"us-central1-api"},"extension":{},"message":"\u001b[90m> \u001b[39m }"}}
[info] i  functions: Finished "api" in ~7s {"metadata":{"emulator":{"name":"functions"},"function":{"name":"us-central1-api"},"extension":{},"message":"Finished \"api\" in ~7s"}}
[debug] [2022-06-13T09:40:59.141Z] [worker-us-central1-api-3f525d55-8a88-4b70-b886-5339d9896ad2]: IDLE {"metadata":{"emulator":{"name":"functions"},"message":"[worker-us-central1-api-3f525d55-8a88-4b70-b886-5339d9896ad2]: IDLE"}}
[debug] [2022-06-13T09:40:59.142Z] [work-queue] {"queueLength":0,"workRunningCount":0}
[debug] [2022-06-13T09:41:19.121Z] [work-queue] {"queueLength":1,"workRunningCount":0}
[debug] [2022-06-13T09:41:19.121Z] [work-queue] {"queueLength":0,"workRunningCount":1}
[debug] [2022-06-13T09:41:19.121Z] Accepted request OPTIONS /ntsa-drivers-e8a6a/us-central1/api/mpesa/query-status --> us-central1-api
[debug] [2022-06-13T09:41:19.122Z] [worker-pool] submitWork(triggerId=us-central1-api) {"metadata":{"emulator":{"name":"functions"},"message":"[worker-pool] submitWork(triggerId=us-central1-api)"}}
[debug] [2022-06-13T09:41:19.122Z] [worker-us-central1-api-193f26b0-7916-4a8f-91bb-6fdf6368c537]: Assigning socketPath: /tmp/fire_emu_9654.sock {"metadata":{"emulator":{"name":"functions"},"message":"[worker-us-central1-api-193f26b0-7916-4a8f-91bb-6fdf6368c537]: Assigning socketPath: /tmp/fire_emu_9654.sock"}}
[debug] [2022-06-13T09:41:19.122Z] [worker-us-central1-api-193f26b0-7916-4a8f-91bb-6fdf6368c537]: BUSY {"metadata":{"emulator":{"name":"functions"},"message":"[worker-us-central1-api-193f26b0-7916-4a8f-91bb-6fdf6368c537]: BUSY"}}
[debug] [2022-06-13T09:41:19.124Z] [runtime-status] [9654] Beginning invocation function api! {"metadata":{"emulator":{"name":"functions"},"function":{"name":"us-central1-api"},"extension":{},"message":"[runtime-status] [9654] Beginning invocation function api!"}}
[info] i  functions: Beginning execution of "api" {"metadata":{"emulator":{"name":"functions"},"function":{"name":"us-central1-api"},"extension":{},"message":"Beginning execution of \"api\""}}
[debug] [2022-06-13T09:41:19.125Z] [runtime-status] [9654] Running api in signature http {"metadata":{"emulator":{"name":"functions"},"function":{"name":"us-central1-api"},"extension":{},"message":"[runtime-status] [9654] Running api in signature http"}}
[debug] [2022-06-13T09:41:19.125Z] [runtime-status] [9654] Attempting to listen to socketPath: /tmp/fire_emu_9654.sock {"metadata":{"emulator":{"name":"functions"},"function":{"name":"us-central1-api"},"extension":{},"message":"[runtime-status] [9654] Attempting to listen to socketPath: /tmp/fire_emu_9654.sock"}}
[debug] [2022-06-13T09:41:19.127Z] [functions] Runtime ready! Sending request! {"metadata":{"emulator":{"name":"functions"},"message":"[functions] Runtime ready! Sending request!"}}
[debug] [2022-06-13T09:41:19.128Z] [functions] Got req.url=/ntsa-drivers-e8a6a/us-central1/api/mpesa/query-status, mapping to path=/mpesa/query-status {"metadata":{"emulator":{"name":"functions"},"message":"[functions] Got req.url=/ntsa-drivers-e8a6a/us-central1/api/mpesa/query-status, mapping to path=/mpesa/query-status"}}
[debug] [2022-06-13T09:41:19.131Z] [runtime-status] [9654] Ephemeral server handling OPTIONS request {"metadata":{"emulator":{"name":"functions"},"function":{"name":"us-central1-api"},"extension":{},"message":"[runtime-status] [9654] Ephemeral server handling OPTIONS request"}}
[debug] [2022-06-13T09:41:19.132Z] [runtime-status] [9654] Ephemeral server survived. {"metadata":{"emulator":{"name":"functions"},"function":{"name":"us-central1-api"},"extension":{},"message":"[runtime-status] [9654] Ephemeral server survived."}}
[info] i  functions: Finished "api" in ~1s {"metadata":{"emulator":{"name":"functions"},"function":{"name":"us-central1-api"},"extension":{},"message":"Finished \"api\" in ~1s"}}
[debug] [2022-06-13T09:41:19.133Z] [worker-us-central1-api-193f26b0-7916-4a8f-91bb-6fdf6368c537]: IDLE {"metadata":{"emulator":{"name":"functions"},"message":"[worker-us-central1-api-193f26b0-7916-4a8f-91bb-6fdf6368c537]: IDLE"}}
[debug] [2022-06-13T09:41:19.133Z] [work-queue] {"queueLength":0,"workRunningCount":0}
[debug] [2022-06-13T09:41:19.135Z] [work-queue] {"queueLength":1,"workRunningCount":0}
[debug] [2022-06-13T09:41:19.135Z] [work-queue] {"queueLength":0,"workRunningCount":1}
[debug] [2022-06-13T09:41:19.135Z] Accepted request POST /ntsa-drivers-e8a6a/us-central1/api/mpesa/query-status --> us-central1-api
[debug] [2022-06-13T09:41:19.135Z] [worker-pool] submitWork(triggerId=us-central1-api) {"metadata":{"emulator":{"name":"functions"},"message":"[worker-pool] submitWork(triggerId=us-central1-api)"}}
[debug] [2022-06-13T09:41:19.135Z] [worker-us-central1-api-193f26b0-7916-4a8f-91bb-6fdf6368c537]: Assigning socketPath: /tmp/fire_emu_9654.sock {"metadata":{"emulator":{"name":"functions"},"message":"[worker-us-central1-api-193f26b0-7916-4a8f-91bb-6fdf6368c537]: Assigning socketPath: /tmp/fire_emu_9654.sock"}}
[debug] [2022-06-13T09:41:19.136Z] [worker-us-central1-api-193f26b0-7916-4a8f-91bb-6fdf6368c537]: BUSY {"metadata":{"emulator":{"name":"functions"},"message":"[worker-us-central1-api-193f26b0-7916-4a8f-91bb-6fdf6368c537]: BUSY"}}
[debug] [2022-06-13T09:41:19.142Z] [runtime-status] [9654] Beginning invocation function api! {"metadata":{"emulator":{"name":"functions"},"function":{"name":"us-central1-api"},"extension":{},"message":"[runtime-status] [9654] Beginning invocation function api!"}}
[info] i  functions: Beginning execution of "api" {"metadata":{"emulator":{"name":"functions"},"function":{"name":"us-central1-api"},"extension":{},"message":"Beginning execution of \"api\""}}
[debug] [2022-06-13T09:41:19.143Z] [runtime-status] [9654] Running api in signature http {"metadata":{"emulator":{"name":"functions"},"function":{"name":"us-central1-api"},"extension":{},"message":"[runtime-status] [9654] Running api in signature http"}}
[debug] [2022-06-13T09:41:19.144Z] [runtime-status] [9654] Attempting to listen to socketPath: /tmp/fire_emu_9654.sock {"metadata":{"emulator":{"name":"functions"},"function":{"name":"us-central1-api"},"extension":{},"message":"[runtime-status] [9654] Attempting to listen to socketPath: /tmp/fire_emu_9654.sock"}}
[debug] [2022-06-13T09:41:19.146Z] [functions] Runtime ready! Sending request! {"metadata":{"emulator":{"name":"functions"},"message":"[functions] Runtime ready! Sending request!"}}
[debug] [2022-06-13T09:41:19.146Z] [functions] Got req.url=/ntsa-drivers-e8a6a/us-central1/api/mpesa/query-status, mapping to path=/mpesa/query-status {"metadata":{"emulator":{"name":"functions"},"message":"[functions] Got req.url=/ntsa-drivers-e8a6a/us-central1/api/mpesa/query-status, mapping to path=/mpesa/query-status"}}
[debug] [2022-06-13T09:41:19.154Z] [runtime-status] [9654] Ephemeral server handling POST request {"metadata":{"emulator":{"name":"functions"},"function":{"name":"us-central1-api"},"extension":{},"message":"[runtime-status] [9654] Ephemeral server handling POST request"}}
[debug] [2022-06-13T09:41:19.167Z] [runtime-status] [9654] Ephemeral server survived. {"metadata":{"emulator":{"name":"functions"},"function":{"name":"us-central1-api"},"extension":{},"message":"[runtime-status] [9654] Ephemeral server survived."}}
[info] >  Query Status: { {"user":"Query Status: {","metadata":{"emulator":{"name":"functions"},"function":{"name":"us-central1-api"},"extension":{},"message":"\u001b[90m> \u001b[39m Query Status: {"}}
[info] >    ResponseCode: '0', {"user":"  ResponseCode: '0',","metadata":{"emulator":{"name":"functions"},"function":{"name":"us-central1-api"},"extension":{},"message":"\u001b[90m> \u001b[39m   ResponseCode: '0',"}}
[info] >    ResponseDescription: 'The service request has been accepted successsfully', {"user":"  ResponseDescription: 'The service request has been accepted successsfully',","metadata":{"emulator":{"name":"functions"},"function":{"name":"us-central1-api"},"extension":{},"message":"\u001b[90m> \u001b[39m   ResponseDescription: 'The service request has been accepted successsfully',"}}
[info] >    MerchantRequestID: '65091-58619576-1', {"user":"  MerchantRequestID: '65091-58619576-1',","metadata":{"emulator":{"name":"functions"},"function":{"name":"us-central1-api"},"extension":{},"message":"\u001b[90m> \u001b[39m   MerchantRequestID: '65091-58619576-1',"}}
[info] >    CheckoutRequestID: 'ws_CO_13062022124057141110039317', {"user":"  CheckoutRequestID: 'ws_CO_13062022124057141110039317',","metadata":{"emulator":{"name":"functions"},"function":{"name":"us-central1-api"},"extension":{},"message":"\u001b[90m> \u001b[39m   CheckoutRequestID: 'ws_CO_13062022124057141110039317',"}}
[info] >    ResultCode: '0', {"user":"  ResultCode: '0',","metadata":{"emulator":{"name":"functions"},"function":{"name":"us-central1-api"},"extension":{},"message":"\u001b[90m> \u001b[39m   ResultCode: '0',"}}
[info] >    ResultDesc: 'The service request is processed successfully.' {"user":"  ResultDesc: 'The service request is processed successfully.'","metadata":{"emulator":{"name":"functions"},"function":{"name":"us-central1-api"},"extension":{},"message":"\u001b[90m> \u001b[39m   ResultDesc: 'The service request is processed successfully.'"}}
[info] >  } {"user":"}","metadata":{"emulator":{"name":"functions"},"function":{"name":"us-central1-api"},"extension":{},"message":"\u001b[90m> \u001b[39m }"}}
[info] i  functions: Finished "api" in ~2s {"metadata":{"emulator":{"name":"functions"},"function":{"name":"us-central1-api"},"extension":{},"message":"Finished \"api\" in ~2s"}}
[debug] [2022-06-13T09:41:21.350Z] [worker-us-central1-api-193f26b0-7916-4a8f-91bb-6fdf6368c537]: IDLE {"metadata":{"emulator":{"name":"functions"},"message":"[worker-us-central1-api-193f26b0-7916-4a8f-91bb-6fdf6368c537]: IDLE"}}
[debug] [2022-06-13T09:41:21.350Z] [work-queue] {"queueLength":0,"workRunningCount":0}
[debug] [2022-06-13T09:43:41.801Z] [work-queue] {"queueLength":1,"workRunningCount":0}
[debug] [2022-06-13T09:43:41.801Z] [work-queue] {"queueLength":0,"workRunningCount":1}
[debug] [2022-06-13T09:43:41.801Z] Accepted request OPTIONS /ntsa-drivers-e8a6a/us-central1/api/mpesa/initiate-stk --> us-central1-api
[debug] [2022-06-13T09:43:41.801Z] [worker-pool] submitWork(triggerId=us-central1-api) {"metadata":{"emulator":{"name":"functions"},"message":"[worker-pool] submitWork(triggerId=us-central1-api)"}}
[debug] [2022-06-13T09:43:41.801Z] [worker-us-central1-api-193f26b0-7916-4a8f-91bb-6fdf6368c537]: Assigning socketPath: /tmp/fire_emu_9654.sock {"metadata":{"emulator":{"name":"functions"},"message":"[worker-us-central1-api-193f26b0-7916-4a8f-91bb-6fdf6368c537]: Assigning socketPath: /tmp/fire_emu_9654.sock"}}
[debug] [2022-06-13T09:43:41.801Z] [worker-us-central1-api-193f26b0-7916-4a8f-91bb-6fdf6368c537]: BUSY {"metadata":{"emulator":{"name":"functions"},"message":"[worker-us-central1-api-193f26b0-7916-4a8f-91bb-6fdf6368c537]: BUSY"}}
[debug] [2022-06-13T09:43:41.802Z] [runtime-status] [9654] Beginning invocation function api! {"metadata":{"emulator":{"name":"functions"},"function":{"name":"us-central1-api"},"extension":{},"message":"[runtime-status] [9654] Beginning invocation function api!"}}
[info] i  functions: Beginning execution of "api" {"metadata":{"emulator":{"name":"functions"},"function":{"name":"us-central1-api"},"extension":{},"message":"Beginning execution of \"api\""}}
[debug] [2022-06-13T09:43:41.803Z] [runtime-status] [9654] Running api in signature http {"metadata":{"emulator":{"name":"functions"},"function":{"name":"us-central1-api"},"extension":{},"message":"[runtime-status] [9654] Running api in signature http"}}
[debug] [2022-06-13T09:43:41.803Z] [runtime-status] [9654] Attempting to listen to socketPath: /tmp/fire_emu_9654.sock {"metadata":{"emulator":{"name":"functions"},"function":{"name":"us-central1-api"},"extension":{},"message":"[runtime-status] [9654] Attempting to listen to socketPath: /tmp/fire_emu_9654.sock"}}
[debug] [2022-06-13T09:43:41.812Z] [functions] Runtime ready! Sending request! {"metadata":{"emulator":{"name":"functions"},"message":"[functions] Runtime ready! Sending request!"}}
[debug] [2022-06-13T09:43:41.812Z] [functions] Got req.url=/ntsa-drivers-e8a6a/us-central1/api/mpesa/initiate-stk, mapping to path=/mpesa/initiate-stk {"metadata":{"emulator":{"name":"functions"},"message":"[functions] Got req.url=/ntsa-drivers-e8a6a/us-central1/api/mpesa/initiate-stk, mapping to path=/mpesa/initiate-stk"}}
[debug] [2022-06-13T09:43:41.814Z] [runtime-status] [9654] Ephemeral server handling OPTIONS request {"metadata":{"emulator":{"name":"functions"},"function":{"name":"us-central1-api"},"extension":{},"message":"[runtime-status] [9654] Ephemeral server handling OPTIONS request"}}
[debug] [2022-06-13T09:43:41.814Z] [runtime-status] [9654] Ephemeral server survived. {"metadata":{"emulator":{"name":"functions"},"function":{"name":"us-central1-api"},"extension":{},"message":"[runtime-status] [9654] Ephemeral server survived."}}
[info] i  functions: Finished "api" in ~1s {"metadata":{"emulator":{"name":"functions"},"function":{"name":"us-central1-api"},"extension":{},"message":"Finished \"api\" in ~1s"}}
[debug] [2022-06-13T09:43:41.816Z] [worker-us-central1-api-193f26b0-7916-4a8f-91bb-6fdf6368c537]: IDLE {"metadata":{"emulator":{"name":"functions"},"message":"[worker-us-central1-api-193f26b0-7916-4a8f-91bb-6fdf6368c537]: IDLE"}}
[debug] [2022-06-13T09:43:41.816Z] [work-queue] {"queueLength":0,"workRunningCount":0}
[debug] [2022-06-13T09:43:41.818Z] [work-queue] {"queueLength":1,"workRunningCount":0}
[debug] [2022-06-13T09:43:41.818Z] [work-queue] {"queueLength":0,"workRunningCount":1}
[debug] [2022-06-13T09:43:41.819Z] Accepted request POST /ntsa-drivers-e8a6a/us-central1/api/mpesa/initiate-stk --> us-central1-api
[debug] [2022-06-13T09:43:41.819Z] [worker-pool] submitWork(triggerId=us-central1-api) {"metadata":{"emulator":{"name":"functions"},"message":"[worker-pool] submitWork(triggerId=us-central1-api)"}}
[debug] [2022-06-13T09:43:41.819Z] [worker-us-central1-api-193f26b0-7916-4a8f-91bb-6fdf6368c537]: Assigning socketPath: /tmp/fire_emu_9654.sock {"metadata":{"emulator":{"name":"functions"},"message":"[worker-us-central1-api-193f26b0-7916-4a8f-91bb-6fdf6368c537]: Assigning socketPath: /tmp/fire_emu_9654.sock"}}
[debug] [2022-06-13T09:43:41.819Z] [worker-us-central1-api-193f26b0-7916-4a8f-91bb-6fdf6368c537]: BUSY {"metadata":{"emulator":{"name":"functions"},"message":"[worker-us-central1-api-193f26b0-7916-4a8f-91bb-6fdf6368c537]: BUSY"}}
[debug] [2022-06-13T09:43:41.826Z] [runtime-status] [9654] Beginning invocation function api! {"metadata":{"emulator":{"name":"functions"},"function":{"name":"us-central1-api"},"extension":{},"message":"[runtime-status] [9654] Beginning invocation function api!"}}
[info] i  functions: Beginning execution of "api" {"metadata":{"emulator":{"name":"functions"},"function":{"name":"us-central1-api"},"extension":{},"message":"Beginning execution of \"api\""}}
[debug] [2022-06-13T09:43:41.826Z] [runtime-status] [9654] Running api in signature http {"metadata":{"emulator":{"name":"functions"},"function":{"name":"us-central1-api"},"extension":{},"message":"[runtime-status] [9654] Running api in signature http"}}
[debug] [2022-06-13T09:43:41.827Z] [runtime-status] [9654] Attempting to listen to socketPath: /tmp/fire_emu_9654.sock {"metadata":{"emulator":{"name":"functions"},"function":{"name":"us-central1-api"},"extension":{},"message":"[runtime-status] [9654] Attempting to listen to socketPath: /tmp/fire_emu_9654.sock"}}
[debug] [2022-06-13T09:43:41.828Z] [functions] Runtime ready! Sending request! {"metadata":{"emulator":{"name":"functions"},"message":"[functions] Runtime ready! Sending request!"}}
[debug] [2022-06-13T09:43:41.828Z] [functions] Got req.url=/ntsa-drivers-e8a6a/us-central1/api/mpesa/initiate-stk, mapping to path=/mpesa/initiate-stk {"metadata":{"emulator":{"name":"functions"},"message":"[functions] Got req.url=/ntsa-drivers-e8a6a/us-central1/api/mpesa/initiate-stk, mapping to path=/mpesa/initiate-stk"}}
[debug] [2022-06-13T09:43:41.831Z] [runtime-status] [9654] Ephemeral server handling POST request {"metadata":{"emulator":{"name":"functions"},"function":{"name":"us-central1-api"},"extension":{},"message":"[runtime-status] [9654] Ephemeral server handling POST request"}}
[debug] [2022-06-13T09:43:41.832Z] [runtime-status] [9654] Ephemeral server survived. {"metadata":{"emulator":{"name":"functions"},"function":{"name":"us-central1-api"},"extension":{},"message":"[runtime-status] [9654] Ephemeral server survived."}}
[info] >  Callback 1: { {"user":"Callback 1: {","metadata":{"emulator":{"name":"functions"},"function":{"name":"us-central1-api"},"extension":{},"message":"\u001b[90m> \u001b[39m Callback 1: {"}}
[info] >    MerchantRequestID: '53784-118139334-1', {"user":"  MerchantRequestID: '53784-118139334-1',","metadata":{"emulator":{"name":"functions"},"function":{"name":"us-central1-api"},"extension":{},"message":"\u001b[90m> \u001b[39m   MerchantRequestID: '53784-118139334-1',"}}
[info] >    CheckoutRequestID: 'ws_CO_13062022124344401110039317', {"user":"  CheckoutRequestID: 'ws_CO_13062022124344401110039317',","metadata":{"emulator":{"name":"functions"},"function":{"name":"us-central1-api"},"extension":{},"message":"\u001b[90m> \u001b[39m   CheckoutRequestID: 'ws_CO_13062022124344401110039317',"}}
[info] >    ResponseCode: '0', {"user":"  ResponseCode: '0',","metadata":{"emulator":{"name":"functions"},"function":{"name":"us-central1-api"},"extension":{},"message":"\u001b[90m> \u001b[39m   ResponseCode: '0',"}}
[info] >    ResponseDescription: 'Success. Request accepted for processing', {"user":"  ResponseDescription: 'Success. Request accepted for processing',","metadata":{"emulator":{"name":"functions"},"function":{"name":"us-central1-api"},"extension":{},"message":"\u001b[90m> \u001b[39m   ResponseDescription: 'Success. Request accepted for processing',"}}
[info] >    CustomerMessage: 'Success. Request accepted for processing' {"user":"  CustomerMessage: 'Success. Request accepted for processing'","metadata":{"emulator":{"name":"functions"},"function":{"name":"us-central1-api"},"extension":{},"message":"\u001b[90m> \u001b[39m   CustomerMessage: 'Success. Request accepted for processing'"}}
[info] >  } {"user":"}","metadata":{"emulator":{"name":"functions"},"function":{"name":"us-central1-api"},"extension":{},"message":"\u001b[90m> \u001b[39m }"}}
[info] i  functions: Finished "api" in ~4s {"metadata":{"emulator":{"name":"functions"},"function":{"name":"us-central1-api"},"extension":{},"message":"Finished \"api\" in ~4s"}}
[debug] [2022-06-13T09:43:46.206Z] [worker-us-central1-api-193f26b0-7916-4a8f-91bb-6fdf6368c537]: IDLE {"metadata":{"emulator":{"name":"functions"},"message":"[worker-us-central1-api-193f26b0-7916-4a8f-91bb-6fdf6368c537]: IDLE"}}
[debug] [2022-06-13T09:43:46.206Z] [work-queue] {"queueLength":0,"workRunningCount":0}
[debug] [2022-06-13T09:44:00.590Z] [work-queue] {"queueLength":1,"workRunningCount":0}
[debug] [2022-06-13T09:44:00.591Z] [work-queue] {"queueLength":0,"workRunningCount":1}
[debug] [2022-06-13T09:44:00.591Z] Accepted request OPTIONS /ntsa-drivers-e8a6a/us-central1/api/mpesa/query-status --> us-central1-api
[debug] [2022-06-13T09:44:00.591Z] [worker-pool] submitWork(triggerId=us-central1-api) {"metadata":{"emulator":{"name":"functions"},"message":"[worker-pool] submitWork(triggerId=us-central1-api)"}}
[debug] [2022-06-13T09:44:00.592Z] [worker-us-central1-api-193f26b0-7916-4a8f-91bb-6fdf6368c537]: Assigning socketPath: /tmp/fire_emu_9654.sock {"metadata":{"emulator":{"name":"functions"},"message":"[worker-us-central1-api-193f26b0-7916-4a8f-91bb-6fdf6368c537]: Assigning socketPath: /tmp/fire_emu_9654.sock"}}
[debug] [2022-06-13T09:44:00.592Z] [worker-us-central1-api-193f26b0-7916-4a8f-91bb-6fdf6368c537]: BUSY {"metadata":{"emulator":{"name":"functions"},"message":"[worker-us-central1-api-193f26b0-7916-4a8f-91bb-6fdf6368c537]: BUSY"}}
[debug] [2022-06-13T09:44:00.594Z] [runtime-status] [9654] Beginning invocation function api! {"metadata":{"emulator":{"name":"functions"},"function":{"name":"us-central1-api"},"extension":{},"message":"[runtime-status] [9654] Beginning invocation function api!"}}
[info] i  functions: Beginning execution of "api" {"metadata":{"emulator":{"name":"functions"},"function":{"name":"us-central1-api"},"extension":{},"message":"Beginning execution of \"api\""}}
[debug] [2022-06-13T09:44:00.594Z] [runtime-status] [9654] Running api in signature http {"metadata":{"emulator":{"name":"functions"},"function":{"name":"us-central1-api"},"extension":{},"message":"[runtime-status] [9654] Running api in signature http"}}
[debug] [2022-06-13T09:44:00.595Z] [runtime-status] [9654] Attempting to listen to socketPath: /tmp/fire_emu_9654.sock {"metadata":{"emulator":{"name":"functions"},"function":{"name":"us-central1-api"},"extension":{},"message":"[runtime-status] [9654] Attempting to listen to socketPath: /tmp/fire_emu_9654.sock"}}
[debug] [2022-06-13T09:44:00.597Z] [functions] Runtime ready! Sending request! {"metadata":{"emulator":{"name":"functions"},"message":"[functions] Runtime ready! Sending request!"}}
[debug] [2022-06-13T09:44:00.597Z] [functions] Got req.url=/ntsa-drivers-e8a6a/us-central1/api/mpesa/query-status, mapping to path=/mpesa/query-status {"metadata":{"emulator":{"name":"functions"},"message":"[functions] Got req.url=/ntsa-drivers-e8a6a/us-central1/api/mpesa/query-status, mapping to path=/mpesa/query-status"}}
[debug] [2022-06-13T09:44:00.599Z] [runtime-status] [9654] Ephemeral server handling OPTIONS request {"metadata":{"emulator":{"name":"functions"},"function":{"name":"us-central1-api"},"extension":{},"message":"[runtime-status] [9654] Ephemeral server handling OPTIONS request"}}
[debug] [2022-06-13T09:44:00.600Z] [runtime-status] [9654] Ephemeral server survived. {"metadata":{"emulator":{"name":"functions"},"function":{"name":"us-central1-api"},"extension":{},"message":"[runtime-status] [9654] Ephemeral server survived."}}
[info] i  functions: Finished "api" in ~1s {"metadata":{"emulator":{"name":"functions"},"function":{"name":"us-central1-api"},"extension":{},"message":"Finished \"api\" in ~1s"}}
[debug] [2022-06-13T09:44:00.601Z] [worker-us-central1-api-193f26b0-7916-4a8f-91bb-6fdf6368c537]: IDLE {"metadata":{"emulator":{"name":"functions"},"message":"[worker-us-central1-api-193f26b0-7916-4a8f-91bb-6fdf6368c537]: IDLE"}}
[debug] [2022-06-13T09:44:00.602Z] [work-queue] {"queueLength":0,"workRunningCount":0}
[debug] [2022-06-13T09:44:00.603Z] [work-queue] {"queueLength":1,"workRunningCount":0}
[debug] [2022-06-13T09:44:00.603Z] [work-queue] {"queueLength":0,"workRunningCount":1}
[debug] [2022-06-13T09:44:00.604Z] Accepted request POST /ntsa-drivers-e8a6a/us-central1/api/mpesa/query-status --> us-central1-api
[debug] [2022-06-13T09:44:00.604Z] [worker-pool] submitWork(triggerId=us-central1-api) {"metadata":{"emulator":{"name":"functions"},"message":"[worker-pool] submitWork(triggerId=us-central1-api)"}}
[debug] [2022-06-13T09:44:00.604Z] [worker-us-central1-api-193f26b0-7916-4a8f-91bb-6fdf6368c537]: Assigning socketPath: /tmp/fire_emu_9654.sock {"metadata":{"emulator":{"name":"functions"},"message":"[worker-us-central1-api-193f26b0-7916-4a8f-91bb-6fdf6368c537]: Assigning socketPath: /tmp/fire_emu_9654.sock"}}
[debug] [2022-06-13T09:44:00.604Z] [worker-us-central1-api-193f26b0-7916-4a8f-91bb-6fdf6368c537]: BUSY {"metadata":{"emulator":{"name":"functions"},"message":"[worker-us-central1-api-193f26b0-7916-4a8f-91bb-6fdf6368c537]: BUSY"}}
[debug] [2022-06-13T09:44:00.612Z] [runtime-status] [9654] Beginning invocation function api! {"metadata":{"emulator":{"name":"functions"},"function":{"name":"us-central1-api"},"extension":{},"message":"[runtime-status] [9654] Beginning invocation function api!"}}
[info] i  functions: Beginning execution of "api" {"metadata":{"emulator":{"name":"functions"},"function":{"name":"us-central1-api"},"extension":{},"message":"Beginning execution of \"api\""}}
[debug] [2022-06-13T09:44:00.612Z] [runtime-status] [9654] Running api in signature http {"metadata":{"emulator":{"name":"functions"},"function":{"name":"us-central1-api"},"extension":{},"message":"[runtime-status] [9654] Running api in signature http"}}
[debug] [2022-06-13T09:44:00.612Z] [runtime-status] [9654] Attempting to listen to socketPath: /tmp/fire_emu_9654.sock {"metadata":{"emulator":{"name":"functions"},"function":{"name":"us-central1-api"},"extension":{},"message":"[runtime-status] [9654] Attempting to listen to socketPath: /tmp/fire_emu_9654.sock"}}
[debug] [2022-06-13T09:44:00.613Z] [functions] Runtime ready! Sending request! {"metadata":{"emulator":{"name":"functions"},"message":"[functions] Runtime ready! Sending request!"}}
[debug] [2022-06-13T09:44:00.614Z] [functions] Got req.url=/ntsa-drivers-e8a6a/us-central1/api/mpesa/query-status, mapping to path=/mpesa/query-status {"metadata":{"emulator":{"name":"functions"},"message":"[functions] Got req.url=/ntsa-drivers-e8a6a/us-central1/api/mpesa/query-status, mapping to path=/mpesa/query-status"}}
[debug] [2022-06-13T09:44:00.615Z] [runtime-status] [9654] Ephemeral server handling POST request {"metadata":{"emulator":{"name":"functions"},"function":{"name":"us-central1-api"},"extension":{},"message":"[runtime-status] [9654] Ephemeral server handling POST request"}}
[debug] [2022-06-13T09:44:00.616Z] [runtime-status] [9654] Ephemeral server survived. {"metadata":{"emulator":{"name":"functions"},"function":{"name":"us-central1-api"},"extension":{},"message":"[runtime-status] [9654] Ephemeral server survived."}}
[info] >  Query Status: { {"user":"Query Status: {","metadata":{"emulator":{"name":"functions"},"function":{"name":"us-central1-api"},"extension":{},"message":"\u001b[90m> \u001b[39m Query Status: {"}}
[info] >    ResponseCode: '0', {"user":"  ResponseCode: '0',","metadata":{"emulator":{"name":"functions"},"function":{"name":"us-central1-api"},"extension":{},"message":"\u001b[90m> \u001b[39m   ResponseCode: '0',"}}
[info] >    ResponseDescription: 'The service request has been accepted successsfully', {"user":"  ResponseDescription: 'The service request has been accepted successsfully',","metadata":{"emulator":{"name":"functions"},"function":{"name":"us-central1-api"},"extension":{},"message":"\u001b[90m> \u001b[39m   ResponseDescription: 'The service request has been accepted successsfully',"}}
[info] >    MerchantRequestID: '53784-118139334-1', {"user":"  MerchantRequestID: '53784-118139334-1',","metadata":{"emulator":{"name":"functions"},"function":{"name":"us-central1-api"},"extension":{},"message":"\u001b[90m> \u001b[39m   MerchantRequestID: '53784-118139334-1',"}}
[info] >    CheckoutRequestID: 'ws_CO_13062022124344401110039317', {"user":"  CheckoutRequestID: 'ws_CO_13062022124344401110039317',","metadata":{"emulator":{"name":"functions"},"function":{"name":"us-central1-api"},"extension":{},"message":"\u001b[90m> \u001b[39m   CheckoutRequestID: 'ws_CO_13062022124344401110039317',"}}
[info] >    ResultCode: '0', {"user":"  ResultCode: '0',","metadata":{"emulator":{"name":"functions"},"function":{"name":"us-central1-api"},"extension":{},"message":"\u001b[90m> \u001b[39m   ResultCode: '0',"}}
[info] >    ResultDesc: 'The service request is processed successfully.' {"user":"  ResultDesc: 'The service request is processed successfully.'","metadata":{"emulator":{"name":"functions"},"function":{"name":"us-central1-api"},"extension":{},"message":"\u001b[90m> \u001b[39m   ResultDesc: 'The service request is processed successfully.'"}}
[info] >  } {"user":"}","metadata":{"emulator":{"name":"functions"},"function":{"name":"us-central1-api"},"extension":{},"message":"\u001b[90m> \u001b[39m }"}}
[info] i  functions: Finished "api" in ~2s {"metadata":{"emulator":{"name":"functions"},"function":{"name":"us-central1-api"},"extension":{},"message":"Finished \"api\" in ~2s"}}
[debug] [2022-06-13T09:44:02.724Z] [worker-us-central1-api-193f26b0-7916-4a8f-91bb-6fdf6368c537]: IDLE {"metadata":{"emulator":{"name":"functions"},"message":"[worker-us-central1-api-193f26b0-7916-4a8f-91bb-6fdf6368c537]: IDLE"}}
[debug] [2022-06-13T09:44:02.724Z] [work-queue] {"queueLength":0,"workRunningCount":0}
